{"level":"info","message":"Server listening on port 3000...","timestamp":"2023-03-12T02:45:21.264Z"}
{"level":"info","message":"Initializing default user...","timestamp":"2023-03-12T02:45:21.265Z"}
{"level":"info","message":"Server Start: Done.","timestamp":"2023-03-12T02:45:21.266Z"}
{"level":"info","message":"Server listening on port 3000...","timestamp":"2023-03-12T02:50:02.433Z"}
{"level":"info","message":"Initializing default user...","timestamp":"2023-03-12T02:50:02.433Z"}
{"level":"info","message":"Server Start: Done.","timestamp":"2023-03-12T02:50:02.434Z"}
{"level":"info","message":"Server listening on port 3000...","timestamp":"2023-03-12T02:51:36.110Z"}
{"level":"info","message":"Initializing default user...","timestamp":"2023-03-12T02:51:36.110Z"}
{"level":"info","message":"Server Start: Done.","timestamp":"2023-03-12T02:51:36.111Z"}
{"level":"info","message":"Server listening on port 3000...","timestamp":"2023-03-12T03:10:34.563Z"}
{"level":"info","message":"Initializing default user...","timestamp":"2023-03-12T03:10:34.564Z"}
{"level":"info","message":"Server Start: Done.","timestamp":"2023-03-12T03:10:34.565Z"}
{"level":"info","message":"Server listening on port 3000...","timestamp":"2023-03-12T03:12:51.075Z"}
{"level":"info","message":"Initializing default user...","timestamp":"2023-03-12T03:12:51.076Z"}
{"level":"info","message":"Server Start: Done.","timestamp":"2023-03-12T03:12:51.077Z"}
{"level":"info","message":"Server listening on port 3000...","timestamp":"2023-03-12T03:14:03.170Z"}
{"level":"info","message":"Initializing default user...","timestamp":"2023-03-12T03:14:03.171Z"}
{"level":"info","message":"Server Start: Done.","timestamp":"2023-03-12T03:14:03.172Z"}
{"level":"info","message":"Connection to the MongoDb has been established","timestamp":"2023-03-12T03:23:30.016Z"}
{"level":"info","message":"Server listening on port 3000...","timestamp":"2023-03-12T03:23:30.027Z"}
{"level":"info","message":"Initializing default user...","timestamp":"2023-03-12T03:23:30.028Z"}
{"level":"info","message":"Server Start: Done.","timestamp":"2023-03-12T03:23:30.028Z"}
{"level":"info","message":"About to call the approve api at pi blockchain testnet","timestamp":"2023-03-12T03:26:49.240Z"}
{"level":"info","message":"Complete API called back","timestamp":"2023-03-12T03:27:19.434Z"}
{"level":"info","message":"Membership for the user  2fb08ca8-5b69-4fe7-914e-0201da98e543","timestamp":"2023-03-12T03:27:21.533Z"}
{"level":"\u001b[32minfo\u001b[39m","message":"Connection to the MongoDb has been established","timestamp":"2023-03-12T03:41:42.424Z"}
{"level":"\u001b[32minfo\u001b[39m","message":"Server listening on port 3000...","timestamp":"2023-03-12T03:41:42.435Z"}
{"level":"\u001b[32minfo\u001b[39m","message":"Initializing default user...","timestamp":"2023-03-12T03:41:42.437Z"}
{"level":"\u001b[32minfo\u001b[39m","message":"Server Start: Done.","timestamp":"2023-03-12T03:41:42.437Z"}
